[ 2017-05-05T12:29:23+08:00 ] ::1 /tp-hangkong/index.php/home
INFO: [ app_init ] --START--
INFO: Run Behavior\BuildLiteBehavior [ RunTime:0.000000s ]
INFO: [ app_init ] --END-- [ RunTime:0.022002s ]
NOTIC: [8] Constant APP_DEBUG already defined D:\phpStudy\WWW\tp-hangkong\Application\Home\Conf\config.php 第 17 行.

[ 2017-05-05T12:30:32+08:00 ] ::1 /tp-hangkong/index.php/home
INFO: [ app_init ] --START--
INFO: Run Behavior\BuildLiteBehavior [ RunTime:0.000000s ]
INFO: [ app_init ] --END-- [ RunTime:0.001000s ]
NOTIC: [8] Constant APP_DEBUG already defined D:\phpStudy\WWW\tp-hangkong\Application\Home\Conf\config.php 第 17 行.

[ 2017-05-05T12:31:09+08:00 ] ::1 /tp-hangkong/index.php/home/accountmanage/orgManage
INFO: [ app_init ] --START--
INFO: Run Behavior\BuildLiteBehavior [ RunTime:0.000000s ]
INFO: [ app_init ] --END-- [ RunTime:0.001000s ]
NOTIC: [8] Constant APP_DEBUG already defined D:\phpStudy\WWW\tp-hangkong\Application\Home\Conf\config.php 第 17 行.

[ 2017-05-05T12:31:12+08:00 ] ::1 /tp-hangkong/index.php/home/member/getList
INFO: [ app_init ] --START--
INFO: Run Behavior\BuildLiteBehavior [ RunTime:0.000000s ]
INFO: [ app_init ] --END-- [ RunTime:0.000000s ]
NOTIC: [8] Constant APP_DEBUG already defined D:\phpStudy\WWW\tp-hangkong\Application\Home\Conf\config.php 第 17 行.
INFO: [ app_begin ] --START--
INFO: Run Behavior\ReadHtmlCacheBehavior [ RunTime:0.001000s ]
INFO: [ app_begin ] --END-- [ RunTime:0.001000s ]
NOTIC: [8192] mysql_connect(): The mysql extension is deprecated and will be removed in the future: use mysqli or PDO instead D:\phpStudy\WWW\tp-hangkong\ThinkPHP\Library\Think\Db\Driver\Mysql.class.php 第 52 行.
SQL: SHOW COLUMNS FROM `member_info` [ RunTime:0.450026s ]
NOTIC: [8] Undefined variable: map D:\phpStudy\WWW\tp-hangkong\Application\Home\Controller\MemberController.class.php 第 23 行.
SQL: SELECT COUNT(*) AS tp_count FROM `member_info` LIMIT 1   [ RunTime:0.045002s ]
NOTIC: [8] Undefined variable: map D:\phpStudy\WWW\tp-hangkong\Application\Home\Controller\MemberController.class.php 第 24 行.
SQL: SELECT * FROM `member_info` LIMIT 0,10   [ RunTime:0.001000s ]
SQL: SELECT * FROM `member_info` WHERE `memberid` = '1'  [ RunTime:0.018001s ]

[ 2017-05-05T12:31:22+08:00 ] ::1 /tp-hangkong/index.php/Home/accountmanage/userManage
INFO: [ app_init ] --START--
INFO: Run Behavior\BuildLiteBehavior [ RunTime:0.000000s ]
INFO: [ app_init ] --END-- [ RunTime:0.001000s ]
NOTIC: [8] Constant APP_DEBUG already defined D:\phpStudy\WWW\tp-hangkong\Application\Home\Conf\config.php 第 17 行.

[ 2017-05-05T12:31:25+08:00 ] ::1 /tp-hangkong/index.php/Home/user/getList
INFO: [ app_init ] --START--
INFO: Run Behavior\BuildLiteBehavior [ RunTime:0.000000s ]
INFO: [ app_init ] --END-- [ RunTime:0.002001s ]
NOTIC: [8] Constant APP_DEBUG already defined D:\phpStudy\WWW\tp-hangkong\Application\Home\Conf\config.php 第 17 行.
INFO: [ app_begin ] --START--
INFO: Run Behavior\ReadHtmlCacheBehavior [ RunTime:0.001000s ]
INFO: [ app_begin ] --END-- [ RunTime:0.001000s ]
NOTIC: [8192] mysql_connect(): The mysql extension is deprecated and will be removed in the future: use mysqli or PDO instead D:\phpStudy\WWW\tp-hangkong\ThinkPHP\Library\Think\Db\Driver\Mysql.class.php 第 52 行.
SQL: SHOW COLUMNS FROM `user_info` [ RunTime:0.357020s ]
NOTIC: [8] Undefined index: starTime D:\phpStudy\WWW\tp-hangkong\Application\Home\Controller\UserController.class.php 第 25 行.
NOTIC: [8] Undefined index: endTime D:\phpStudy\WWW\tp-hangkong\Application\Home\Controller\UserController.class.php 第 26 行.
NOTIC: [8] Undefined index: nickname D:\phpStudy\WWW\tp-hangkong\Application\Home\Controller\UserController.class.php 第 35 行.
NOTIC: [8] Undefined index: phoneNum D:\phpStudy\WWW\tp-hangkong\Application\Home\Controller\UserController.class.php 第 38 行.
SQL: SELECT COUNT(*) AS tp_count FROM `user_info` INNER JOIN member_info  ON user_info.memberId = member_info.memberid  INNER JOIN agent_info ON agent_info.code = user_info.agentId  WHERE user_info.nickname LIKE '%' AND `phoneNum` LIKE '%' LIMIT 1   [ RunTime:0.289016s ]
SQL: SELECT * FROM `user_info` INNER JOIN member_info  ON user_info.memberId = member_info.memberid  INNER JOIN agent_info ON agent_info.code = user_info.agentId  WHERE user_info.nickname LIKE '%' AND `phoneNum` LIKE '%' LIMIT 0,10   [ RunTime:0.001000s ]

[ 2017-05-05T13:19:35+08:00 ] ::1 /tp-hangkong/index.php/Home/accountmanage/userManage
INFO: [ app_init ] --START--
INFO: Run Behavior\BuildLiteBehavior [ RunTime:0.000000s ]
INFO: [ app_init ] --END-- [ RunTime:0.016001s ]
NOTIC: [8] Constant APP_DEBUG already defined D:\phpStudy\WWW\tp-hangkong\Application\Home\Conf\config.php 第 17 行.

[ 2017-05-05T13:19:42+08:00 ] ::1 /tp-hangkong/index.php/Home/user/getList
INFO: [ app_init ] --START--
INFO: Run Behavior\BuildLiteBehavior [ RunTime:0.000000s ]
INFO: [ app_init ] --END-- [ RunTime:0.001000s ]
NOTIC: [8] Constant APP_DEBUG already defined D:\phpStudy\WWW\tp-hangkong\Application\Home\Conf\config.php 第 17 行.
INFO: [ app_begin ] --START--
INFO: Run Behavior\ReadHtmlCacheBehavior [ RunTime:0.001000s ]
INFO: [ app_begin ] --END-- [ RunTime:0.001000s ]
NOTIC: [8192] mysql_connect(): The mysql extension is deprecated and will be removed in the future: use mysqli or PDO instead D:\phpStudy\WWW\tp-hangkong\ThinkPHP\Library\Think\Db\Driver\Mysql.class.php 第 52 行.
SQL: SHOW COLUMNS FROM `user_info` [ RunTime:0.003000s ]
NOTIC: [8] Undefined index: starTime D:\phpStudy\WWW\tp-hangkong\Application\Home\Controller\UserController.class.php 第 25 行.
NOTIC: [8] Undefined index: endTime D:\phpStudy\WWW\tp-hangkong\Application\Home\Controller\UserController.class.php 第 26 行.
NOTIC: [8] Undefined index: nickname D:\phpStudy\WWW\tp-hangkong\Application\Home\Controller\UserController.class.php 第 35 行.
NOTIC: [8] Undefined index: phoneNum D:\phpStudy\WWW\tp-hangkong\Application\Home\Controller\UserController.class.php 第 38 行.
SQL: SELECT COUNT(*) AS tp_count FROM `user_info` INNER JOIN member_info  ON user_info.memberId = member_info.memberid  INNER JOIN agent_info ON agent_info.code = user_info.agentId  WHERE user_info.nickname LIKE '%' AND `phoneNum` LIKE '%' LIMIT 1   [ RunTime:0.124007s ]
SQL: SELECT * FROM `user_info` INNER JOIN member_info  ON user_info.memberId = member_info.memberid  INNER JOIN agent_info ON agent_info.code = user_info.agentId  WHERE user_info.nickname LIKE '%' AND `phoneNum` LIKE '%' LIMIT 0,10   [ RunTime:0.000000s ]

[ 2017-05-05T13:19:43+08:00 ] ::1 /tp-hangkong/index.php/Home/accountmanage/userManage
INFO: [ app_init ] --START--
INFO: Run Behavior\BuildLiteBehavior [ RunTime:0.000000s ]
INFO: [ app_init ] --END-- [ RunTime:0.001000s ]
NOTIC: [8] Constant APP_DEBUG already defined D:\phpStudy\WWW\tp-hangkong\Application\Home\Conf\config.php 第 17 行.

[ 2017-05-05T13:19:45+08:00 ] ::1 /tp-hangkong/index.php/Home/user/getList
INFO: [ app_init ] --START--
INFO: Run Behavior\BuildLiteBehavior [ RunTime:0.000000s ]
INFO: [ app_init ] --END-- [ RunTime:0.000000s ]
NOTIC: [8] Constant APP_DEBUG already defined D:\phpStudy\WWW\tp-hangkong\Application\Home\Conf\config.php 第 17 行.
INFO: [ app_begin ] --START--
INFO: Run Behavior\ReadHtmlCacheBehavior [ RunTime:0.001000s ]
INFO: [ app_begin ] --END-- [ RunTime:0.001000s ]
NOTIC: [8192] mysql_connect(): The mysql extension is deprecated and will be removed in the future: use mysqli or PDO instead D:\phpStudy\WWW\tp-hangkong\ThinkPHP\Library\Think\Db\Driver\Mysql.class.php 第 52 行.
SQL: SHOW COLUMNS FROM `user_info` [ RunTime:0.004000s ]
NOTIC: [8] Undefined index: starTime D:\phpStudy\WWW\tp-hangkong\Application\Home\Controller\UserController.class.php 第 25 行.
NOTIC: [8] Undefined index: endTime D:\phpStudy\WWW\tp-hangkong\Application\Home\Controller\UserController.class.php 第 26 行.
NOTIC: [8] Undefined index: nickname D:\phpStudy\WWW\tp-hangkong\Application\Home\Controller\UserController.class.php 第 35 行.
NOTIC: [8] Undefined index: phoneNum D:\phpStudy\WWW\tp-hangkong\Application\Home\Controller\UserController.class.php 第 38 行.
SQL: SELECT COUNT(*) AS tp_count FROM `user_info` INNER JOIN member_info  ON user_info.memberId = member_info.memberid  INNER JOIN agent_info ON agent_info.code = user_info.agentId  WHERE user_info.nickname LIKE '%' AND `phoneNum` LIKE '%' LIMIT 1   [ RunTime:0.000000s ]
SQL: SELECT * FROM `user_info` INNER JOIN member_info  ON user_info.memberId = member_info.memberid  INNER JOIN agent_info ON agent_info.code = user_info.agentId  WHERE user_info.nickname LIKE '%' AND `phoneNum` LIKE '%' LIMIT 0,10   [ RunTime:0.000000s ]

[ 2017-05-05T13:19:53+08:00 ] ::1 /tp-hangkong/index.php/Home/user/getList
INFO: [ app_init ] --START--
INFO: Run Behavior\BuildLiteBehavior [ RunTime:0.000000s ]
INFO: [ app_init ] --END-- [ RunTime:0.000000s ]
NOTIC: [8] Constant APP_DEBUG already defined D:\phpStudy\WWW\tp-hangkong\Application\Home\Conf\config.php 第 17 行.

[ 2017-05-05T13:22:12+08:00 ] ::1 /tp-hangkong/index.php/Home/user/getList
INFO: [ app_init ] --START--
INFO: Run Behavior\BuildLiteBehavior [ RunTime:0.000000s ]
INFO: [ app_init ] --END-- [ RunTime:0.001000s ]
NOTIC: [8] Constant APP_DEBUG already defined D:\phpStudy\WWW\tp-hangkong\Application\Home\Conf\config.php 第 17 行.

[ 2017-05-05T13:22:24+08:00 ] ::1 /tp-hangkong/index.php/Home/user/getList
INFO: [ app_init ] --START--
INFO: Run Behavior\BuildLiteBehavior [ RunTime:0.000000s ]
INFO: [ app_init ] --END-- [ RunTime:0.001000s ]
NOTIC: [8] Constant APP_DEBUG already defined D:\phpStudy\WWW\tp-hangkong\Application\Home\Conf\config.php 第 17 行.

[ 2017-05-05T13:22:26+08:00 ] ::1 /tp-hangkong/index.php/Home/user/getList
INFO: [ app_init ] --START--
INFO: Run Behavior\BuildLiteBehavior [ RunTime:0.000000s ]
INFO: [ app_init ] --END-- [ RunTime:0.001000s ]
NOTIC: [8] Constant APP_DEBUG already defined D:\phpStudy\WWW\tp-hangkong\Application\Home\Conf\config.php 第 17 行.

[ 2017-05-05T13:22:35+08:00 ] ::1 /tp-hangkong/index.php/Home/user/getList
INFO: [ app_init ] --START--
INFO: Run Behavior\BuildLiteBehavior [ RunTime:0.000000s ]
INFO: [ app_init ] --END-- [ RunTime:0.001000s ]
NOTIC: [8] Constant APP_DEBUG already defined D:\phpStudy\WWW\tp-hangkong\Application\Home\Conf\config.php 第 17 行.

[ 2017-05-05T13:28:17+08:00 ] ::1 /tp-hangkong/index.php/Home/user/getList
INFO: [ app_init ] --START--
INFO: Run Behavior\BuildLiteBehavior [ RunTime:0.000000s ]
INFO: [ app_init ] --END-- [ RunTime:0.000000s ]
NOTIC: [8] Constant APP_DEBUG already defined D:\phpStudy\WWW\tp-hangkong\Application\Home\Conf\config.php 第 17 行.
ERR: 错误的查询条件:[id=>1]

[ 2017-05-05T13:30:01+08:00 ] ::1 /tp-hangkong/index.php/Home/user/getList
INFO: [ app_init ] --START--
INFO: Run Behavior\BuildLiteBehavior [ RunTime:0.000000s ]
INFO: [ app_init ] --END-- [ RunTime:0.001000s ]
NOTIC: [8] Constant APP_DEBUG already defined D:\phpStudy\WWW\tp-hangkong\Application\Home\Conf\config.php 第 17 行.

[ 2017-05-05T13:30:12+08:00 ] ::1 /tp-hangkong/index.php/Home/user/getList
INFO: [ app_init ] --START--
INFO: Run Behavior\BuildLiteBehavior [ RunTime:0.000000s ]
INFO: [ app_init ] --END-- [ RunTime:0.001000s ]
NOTIC: [8] Constant APP_DEBUG already defined D:\phpStudy\WWW\tp-hangkong\Application\Home\Conf\config.php 第 17 行.

[ 2017-05-05T13:31:53+08:00 ] ::1 /tp-hangkong/index.php/Home/user/getList
INFO: [ app_init ] --START--
INFO: Run Behavior\BuildLiteBehavior [ RunTime:0.000000s ]
INFO: [ app_init ] --END-- [ RunTime:0.001000s ]
NOTIC: [8] Constant APP_DEBUG already defined D:\phpStudy\WWW\tp-hangkong\Application\Home\Conf\config.php 第 17 行.
ERR: 错误的查询条件:[id=>1]

[ 2017-05-05T13:32:08+08:00 ] ::1 /tp-hangkong/index.php/Home/user/getList
INFO: [ app_init ] --START--
INFO: Run Behavior\BuildLiteBehavior [ RunTime:0.000000s ]
INFO: [ app_init ] --END-- [ RunTime:0.001000s ]
NOTIC: [8] Constant APP_DEBUG already defined D:\phpStudy\WWW\tp-hangkong\Application\Home\Conf\config.php 第 17 行.
ERR: 错误的查询条件:[id=>1]

[ 2017-05-05T13:32:16+08:00 ] ::1 /tp-hangkong/index.php/Home/user/getList
INFO: [ app_init ] --START--
INFO: Run Behavior\BuildLiteBehavior [ RunTime:0.000000s ]
INFO: [ app_init ] --END-- [ RunTime:0.001000s ]
NOTIC: [8] Constant APP_DEBUG already defined D:\phpStudy\WWW\tp-hangkong\Application\Home\Conf\config.php 第 17 行.

[ 2017-05-05T13:32:57+08:00 ] ::1 /tp-hangkong/index.php/Home/user/getList
INFO: [ app_init ] --START--
INFO: Run Behavior\BuildLiteBehavior [ RunTime:0.000000s ]
INFO: [ app_init ] --END-- [ RunTime:0.001000s ]
NOTIC: [8] Constant APP_DEBUG already defined D:\phpStudy\WWW\tp-hangkong\Application\Home\Conf\config.php 第 17 行.

[ 2017-05-05T13:33:22+08:00 ] ::1 /tp-hangkong/index.php/Home/user/getList
INFO: [ app_init ] --START--
INFO: Run Behavior\BuildLiteBehavior [ RunTime:0.000000s ]
INFO: [ app_init ] --END-- [ RunTime:0.001000s ]
NOTIC: [8] Constant APP_DEBUG already defined D:\phpStudy\WWW\tp-hangkong\Application\Home\Conf\config.php 第 17 行.

[ 2017-05-05T13:33:26+08:00 ] ::1 /tp-hangkong/index.php/Home/user/getList
INFO: [ app_init ] --START--
INFO: Run Behavior\BuildLiteBehavior [ RunTime:0.000000s ]
INFO: [ app_init ] --END-- [ RunTime:0.000000s ]
NOTIC: [8] Constant APP_DEBUG already defined D:\phpStudy\WWW\tp-hangkong\Application\Home\Conf\config.php 第 17 行.

[ 2017-05-05T13:34:08+08:00 ] ::1 /tp-hangkong/index.php/Home/user/getList
INFO: [ app_init ] --START--
INFO: Run Behavior\BuildLiteBehavior [ RunTime:0.000000s ]
INFO: [ app_init ] --END-- [ RunTime:0.000000s ]
NOTIC: [8] Constant APP_DEBUG already defined D:\phpStudy\WWW\tp-hangkong\Application\Home\Conf\config.php 第 17 行.

[ 2017-05-05T13:55:36+08:00 ] ::1 /tp-hangkong/index.php/Home/user/getList
INFO: [ app_init ] --START--
INFO: Run Behavior\BuildLiteBehavior [ RunTime:0.000000s ]
INFO: [ app_init ] --END-- [ RunTime:0.000000s ]
NOTIC: [8] Constant APP_DEBUG already defined D:\phpStudy\WWW\tp-hangkong\Application\Home\Conf\config.php 第 17 行.

[ 2017-05-05T13:55:54+08:00 ] ::1 /tp-hangkong/index.php/Home/user/getList
INFO: [ app_init ] --START--
INFO: Run Behavior\BuildLiteBehavior [ RunTime:0.000000s ]
INFO: [ app_init ] --END-- [ RunTime:0.000000s ]
NOTIC: [8] Constant APP_DEBUG already defined D:\phpStudy\WWW\tp-hangkong\Application\Home\Conf\config.php 第 17 行.
ERR: 错误的查询条件:[memberid=>123]

[ 2017-05-05T13:56:19+08:00 ] ::1 /tp-hangkong/index.php/Home/user/getList
INFO: [ app_init ] --START--
INFO: Run Behavior\BuildLiteBehavior [ RunTime:0.001001s ]
INFO: [ app_init ] --END-- [ RunTime:0.001001s ]
NOTIC: [8] Constant APP_DEBUG already defined D:\phpStudy\WWW\tp-hangkong\Application\Home\Conf\config.php 第 17 行.
ERR: 错误的查询条件:[memberid=>123]

[ 2017-05-05T13:56:31+08:00 ] ::1 /tp-hangkong/index.php/Home/user/getList
INFO: [ app_init ] --START--
INFO: Run Behavior\BuildLiteBehavior [ RunTime:0.000000s ]
INFO: [ app_init ] --END-- [ RunTime:0.001000s ]
NOTIC: [8] Constant APP_DEBUG already defined D:\phpStudy\WWW\tp-hangkong\Application\Home\Conf\config.php 第 17 行.

[ 2017-05-05T14:09:09+08:00 ] ::1 /tp-hangkong/index.php/Home/member/getList
INFO: [ app_init ] --START--
INFO: Run Behavior\BuildLiteBehavior [ RunTime:0.000000s ]
INFO: [ app_init ] --END-- [ RunTime:0.000000s ]
NOTIC: [8] Constant APP_DEBUG already defined D:\phpStudy\WWW\tp-hangkong\Application\Home\Conf\config.php 第 17 行.
ERR: 错误的查询条件:[memberid=>1]

[ 2017-05-05T14:09:15+08:00 ] ::1 /tp-hangkong/index.php/Home/member/getList
INFO: [ app_init ] --START--
INFO: Run Behavior\BuildLiteBehavior [ RunTime:0.000000s ]
INFO: [ app_init ] --END-- [ RunTime:0.000000s ]
NOTIC: [8] Constant APP_DEBUG already defined D:\phpStudy\WWW\tp-hangkong\Application\Home\Conf\config.php 第 17 行.
ERR: 错误的查询条件:[memberid=>1]

[ 2017-05-05T14:10:00+08:00 ] ::1 /tp-hangkong/index.php/Home/member/getList
INFO: [ app_init ] --START--
INFO: Run Behavior\BuildLiteBehavior [ RunTime:0.000000s ]
INFO: [ app_init ] --END-- [ RunTime:0.000000s ]
NOTIC: [8] Constant APP_DEBUG already defined D:\phpStudy\WWW\tp-hangkong\Application\Home\Conf\config.php 第 17 行.

[ 2017-05-05T14:19:54+08:00 ] ::1 /tp-hangkong/index.php/Home/clientmanage/clientList
INFO: [ app_init ] --START--
INFO: Run Behavior\BuildLiteBehavior [ RunTime:0.000000s ]
INFO: [ app_init ] --END-- [ RunTime:0.001000s ]
NOTIC: [8] Constant APP_DEBUG already defined D:\phpStudy\WWW\tp-hangkong\Application\Home\Conf\config.php 第 17 行.

[ 2017-05-05T14:19:54+08:00 ] ::1 /tp-hangkong/index.php/Home/clientmanage/clientList
INFO: [ app_init ] --START--
INFO: Run Behavior\BuildLiteBehavior [ RunTime:0.000000s ]
INFO: [ app_init ] --END-- [ RunTime:0.001000s ]
NOTIC: [8] Constant APP_DEBUG already defined D:\phpStudy\WWW\tp-hangkong\Application\Home\Conf\config.php 第 17 行.

[ 2017-05-05T14:20:11+08:00 ] ::1 /tp-hangkong/index.php/Home/user/getlist
INFO: [ app_init ] --START--
INFO: Run Behavior\BuildLiteBehavior [ RunTime:0.000000s ]
INFO: [ app_init ] --END-- [ RunTime:0.001000s ]
NOTIC: [8] Constant APP_DEBUG already defined D:\phpStudy\WWW\tp-hangkong\Application\Home\Conf\config.php 第 17 行.
INFO: [ app_begin ] --START--
INFO: Run Behavior\ReadHtmlCacheBehavior [ RunTime:0.000000s ]
INFO: [ app_begin ] --END-- [ RunTime:0.001000s ]
NOTIC: [8192] mysql_connect(): The mysql extension is deprecated and will be removed in the future: use mysqli or PDO instead D:\phpStudy\WWW\tp-hangkong\ThinkPHP\Library\Think\Db\Driver\Mysql.class.php 第 52 行.
SQL: SHOW COLUMNS FROM `user_info` [ RunTime:0.021002s ]
NOTIC: [8] Undefined index: starTime D:\phpStudy\WWW\tp-hangkong\Application\Home\Controller\UserController.class.php 第 25 行.
NOTIC: [8] Undefined index: endTime D:\phpStudy\WWW\tp-hangkong\Application\Home\Controller\UserController.class.php 第 26 行.
NOTIC: [8] Undefined index: nickname D:\phpStudy\WWW\tp-hangkong\Application\Home\Controller\UserController.class.php 第 35 行.
NOTIC: [8] Undefined index: phoneNum D:\phpStudy\WWW\tp-hangkong\Application\Home\Controller\UserController.class.php 第 38 行.
SQL: SELECT COUNT(*) AS tp_count FROM `user_info` WHERE user_info.nickname LIKE '%' AND `phoneNum` LIKE '%' LIMIT 1   [ RunTime:0.001000s ]
SQL: SELECT * FROM `user_info` WHERE user_info.nickname LIKE '%' AND `phoneNum` LIKE '%' LIMIT 0,5   [ RunTime:0.000000s ]
SQL: SHOW COLUMNS FROM `member_info` [ RunTime:0.002000s ]
SQL: SELECT * FROM `member_info` WHERE `memberId` = 123 LIMIT 1   [ RunTime:0.000000s ]
SQL: SHOW COLUMNS FROM `agent_info` [ RunTime:0.003000s ]
SQL: SELECT * FROM `agent_info` WHERE `code` = '1' LIMIT 1   [ RunTime:0.000000s ]
SQL: SELECT * FROM `member_info` WHERE `memberId` = null LIMIT 1   [ RunTime:0.000000s ]
SQL: SELECT * FROM `agent_info` WHERE `code` = null LIMIT 1   [ RunTime:0.000000s ]
SQL: SELECT * FROM `member_info` WHERE `memberId` = null LIMIT 1   [ RunTime:0.000000s ]
SQL: SELECT * FROM `agent_info` WHERE `code` = null LIMIT 1   [ RunTime:0.000000s ]
SQL: SELECT * FROM `member_info` WHERE `memberId` = null LIMIT 1   [ RunTime:0.001000s ]
SQL: SELECT * FROM `agent_info` WHERE `code` = null LIMIT 1   [ RunTime:0.000000s ]
SQL: SELECT * FROM `member_info` WHERE `memberId` = null LIMIT 1   [ RunTime:0.001000s ]
SQL: SELECT * FROM `agent_info` WHERE `code` = null LIMIT 1   [ RunTime:0.000000s ]

