[ 2017-04-23T20:49:51+08:00 ] ::1 /tp/index.php/Home/user/getList
INFO: [ app_init ] --START--
INFO: Run Behavior\BuildLiteBehavior [ RunTime:0.000000s ]
INFO: [ app_init ] --END-- [ RunTime:0.001000s ]
NOTIC: [8] Constant APP_DEBUG already defined D:\phpStudy\WWW\tp\Application\Home\Conf\config.php 第 17 行.

[ 2017-04-23T20:50:22+08:00 ] ::1 /tp/index.php/Home/user/getList
INFO: [ app_init ] --START--
INFO: Run Behavior\BuildLiteBehavior [ RunTime:0.000000s ]
INFO: [ app_init ] --END-- [ RunTime:0.000000s ]
NOTIC: [8] Constant APP_DEBUG already defined D:\phpStudy\WWW\tp\Application\Home\Conf\config.php 第 17 行.

[ 2017-04-23T20:50:45+08:00 ] ::1 /tp/index.php/Home/user/getList
INFO: [ app_init ] --START--
INFO: Run Behavior\BuildLiteBehavior [ RunTime:0.000000s ]
INFO: [ app_init ] --END-- [ RunTime:0.001000s ]
NOTIC: [8] Constant APP_DEBUG already defined D:\phpStudy\WWW\tp\Application\Home\Conf\config.php 第 17 行.

[ 2017-04-23T21:45:20+08:00 ] ::1 /tp/index.php/Home/trades/getlist
INFO: [ app_init ] --START--
INFO: Run Behavior\BuildLiteBehavior [ RunTime:0.000000s ]
INFO: [ app_init ] --END-- [ RunTime:0.000000s ]
NOTIC: [8] Constant APP_DEBUG already defined D:\phpStudy\WWW\tp\Application\Home\Conf\config.php 第 17 行.

[ 2017-04-23T21:45:29+08:00 ] ::1 /tp/index.php/Home/trades/getlist
INFO: [ app_init ] --START--
INFO: Run Behavior\BuildLiteBehavior [ RunTime:0.000000s ]
INFO: [ app_init ] --END-- [ RunTime:0.000000s ]
NOTIC: [8] Constant APP_DEBUG already defined D:\phpStudy\WWW\tp\Application\Home\Conf\config.php 第 17 行.

[ 2017-04-23T21:45:30+08:00 ] ::1 /tp/index.php/Home/trades/getlist
INFO: [ app_init ] --START--
INFO: Run Behavior\BuildLiteBehavior [ RunTime:0.000000s ]
INFO: [ app_init ] --END-- [ RunTime:0.000000s ]
NOTIC: [8] Constant APP_DEBUG already defined D:\phpStudy\WWW\tp\Application\Home\Conf\config.php 第 17 行.

[ 2017-04-23T21:45:31+08:00 ] ::1 /tp/index.php/Home/trades/getlist
INFO: [ app_init ] --START--
INFO: Run Behavior\BuildLiteBehavior [ RunTime:0.000000s ]
INFO: [ app_init ] --END-- [ RunTime:0.001000s ]
NOTIC: [8] Constant APP_DEBUG already defined D:\phpStudy\WWW\tp\Application\Home\Conf\config.php 第 17 行.

[ 2017-04-23T21:45:35+08:00 ] ::1 /tp/index.php/Home/trades/getlist
INFO: [ app_init ] --START--
INFO: Run Behavior\BuildLiteBehavior [ RunTime:0.000000s ]
INFO: [ app_init ] --END-- [ RunTime:0.001000s ]
NOTIC: [8] Constant APP_DEBUG already defined D:\phpStudy\WWW\tp\Application\Home\Conf\config.php 第 17 行.

[ 2017-04-23T21:59:24+08:00 ] ::1 /tp/index.php/Home/trades/getlist
INFO: [ app_init ] --START--
INFO: Run Behavior\BuildLiteBehavior [ RunTime:0.000000s ]
INFO: [ app_init ] --END-- [ RunTime:0.001001s ]
NOTIC: [8] Constant APP_DEBUG already defined D:\phpStudy\WWW\tp\Application\Home\Conf\config.php 第 17 行.

[ 2017-04-23T22:20:52+08:00 ] ::1 /tp/index.php/Home/trades/keep
INFO: [ app_init ] --START--
INFO: Run Behavior\BuildLiteBehavior [ RunTime:0.000000s ]
INFO: [ app_init ] --END-- [ RunTime:0.001000s ]
NOTIC: [8] Constant APP_DEBUG already defined D:\phpStudy\WWW\tp\Application\Home\Conf\config.php 第 17 行.

