[ 2017-04-15T18:49:56+08:00 ] 127.0.0.1 /tp/
INFO: [ app_init ] --START--
INFO: Run Behavior\BuildLiteBehavior [ RunTime:0.000000s ]
INFO: [ app_init ] --END-- [ RunTime:0.013001s ]
INFO: [ app_begin ] --START--
INFO: Run Behavior\ReadHtmlCacheBehavior [ RunTime:0.002000s ]
INFO: [ app_begin ] --END-- [ RunTime:0.002000s ]

[ 2017-04-15T18:50:09+08:00 ] 127.0.0.1 /tp/
INFO: [ app_init ] --START--
INFO: Run Behavior\BuildLiteBehavior [ RunTime:0.000000s ]
INFO: [ app_init ] --END-- [ RunTime:0.000000s ]
INFO: [ app_begin ] --START--
INFO: Run Behavior\ReadHtmlCacheBehavior [ RunTime:0.001000s ]
INFO: [ app_begin ] --END-- [ RunTime:0.001000s ]
NOTIC: [2048] Non-static method PHPRPC_Server::initSession() should not be called statically D:\phpStudy\WWW\tp\ThinkPHP\Library\Vendor\phpRPC\phprpc_server.php 第 495 行.
NOTIC: [8] A session had already been started - ignoring session_start() D:\phpStudy\WWW\tp\ThinkPHP\Library\Vendor\phpRPC\phprpc_server.php 第 416 行.

[ 2017-04-15T18:52:41+08:00 ] 127.0.0.1 /tp/
INFO: [ app_init ] --START--
INFO: Run Behavior\BuildLiteBehavior [ RunTime:0.000000s ]
INFO: [ app_init ] --END-- [ RunTime:0.001001s ]
INFO: [ app_begin ] --START--
INFO: Run Behavior\ReadHtmlCacheBehavior [ RunTime:0.002000s ]
INFO: [ app_begin ] --END-- [ RunTime:0.002000s ]
NOTIC: [2048] Non-static method PHPRPC_Server::initSession() should not be called statically D:\phpStudy\WWW\tp\ThinkPHP\Library\Vendor\phpRPC\phprpc_server.php 第 495 行.
NOTIC: [8] A session had already been started - ignoring session_start() D:\phpStudy\WWW\tp\ThinkPHP\Library\Vendor\phpRPC\phprpc_server.php 第 416 行.

[ 2017-04-15T18:53:11+08:00 ] 127.0.0.1 /tp/
INFO: [ app_init ] --START--
INFO: Run Behavior\BuildLiteBehavior [ RunTime:0.000000s ]
INFO: [ app_init ] --END-- [ RunTime:0.001000s ]
INFO: [ app_begin ] --START--
INFO: Run Behavior\ReadHtmlCacheBehavior [ RunTime:0.001000s ]
INFO: [ app_begin ] --END-- [ RunTime:0.001000s ]
NOTIC: [2048] Non-static method PHPRPC_Server::initSession() should not be called statically D:\phpStudy\WWW\tp\ThinkPHP\Library\Vendor\phpRPC\phprpc_server.php 第 495 行.
NOTIC: [8] A session had already been started - ignoring session_start() D:\phpStudy\WWW\tp\ThinkPHP\Library\Vendor\phpRPC\phprpc_server.php 第 416 行.

[ 2017-04-15T18:53:12+08:00 ] 127.0.0.1 /tp/
INFO: [ app_init ] --START--
INFO: Run Behavior\BuildLiteBehavior [ RunTime:0.000000s ]
INFO: [ app_init ] --END-- [ RunTime:0.001000s ]
INFO: [ app_begin ] --START--
INFO: Run Behavior\ReadHtmlCacheBehavior [ RunTime:0.001000s ]
INFO: [ app_begin ] --END-- [ RunTime:0.001000s ]
NOTIC: [2048] Non-static method PHPRPC_Server::initSession() should not be called statically D:\phpStudy\WWW\tp\ThinkPHP\Library\Vendor\phpRPC\phprpc_server.php 第 495 行.
NOTIC: [8] A session had already been started - ignoring session_start() D:\phpStudy\WWW\tp\ThinkPHP\Library\Vendor\phpRPC\phprpc_server.php 第 416 行.

[ 2017-04-15T18:57:36+08:00 ] 127.0.0.1 /tp/
INFO: [ app_init ] --START--
INFO: Run Behavior\BuildLiteBehavior [ RunTime:0.000000s ]
INFO: [ app_init ] --END-- [ RunTime:0.001000s ]
INFO: [ app_begin ] --START--
INFO: Run Behavior\ReadHtmlCacheBehavior [ RunTime:0.002000s ]
INFO: [ app_begin ] --END-- [ RunTime:0.003000s ]
SQL: SHOW COLUMNS FROM `user_info` [ RunTime:0.055004s ]

[ 2017-04-15T18:57:37+08:00 ] 127.0.0.1 /tp/
INFO: [ app_init ] --START--
INFO: Run Behavior\BuildLiteBehavior [ RunTime:0.000000s ]
INFO: [ app_init ] --END-- [ RunTime:0.001000s ]
INFO: [ app_begin ] --START--
INFO: Run Behavior\ReadHtmlCacheBehavior [ RunTime:0.001000s ]
INFO: [ app_begin ] --END-- [ RunTime:0.001000s ]
SQL: SHOW COLUMNS FROM `user_info` [ RunTime:0.007001s ]

[ 2017-04-15T19:01:20+08:00 ] 127.0.0.1 /tp/
INFO: [ app_init ] --START--
INFO: Run Behavior\BuildLiteBehavior [ RunTime:0.000000s ]
INFO: [ app_init ] --END-- [ RunTime:0.001000s ]
INFO: [ app_begin ] --START--
INFO: Run Behavior\ReadHtmlCacheBehavior [ RunTime:0.002000s ]
INFO: [ app_begin ] --END-- [ RunTime:0.002000s ]
SQL: SHOW COLUMNS FROM `user_info` [ RunTime:0.006001s ]

[ 2017-04-15T19:01:29+08:00 ] 127.0.0.1 /tp/
INFO: [ app_init ] --START--
INFO: Run Behavior\BuildLiteBehavior [ RunTime:0.000000s ]
INFO: [ app_init ] --END-- [ RunTime:0.001000s ]
INFO: [ app_begin ] --START--
INFO: Run Behavior\ReadHtmlCacheBehavior [ RunTime:0.002000s ]
INFO: [ app_begin ] --END-- [ RunTime:0.002000s ]
SQL: SHOW COLUMNS FROM `user_info` [ RunTime:0.007000s ]

[ 2017-04-15T19:01:36+08:00 ] 127.0.0.1 /tp/index.php
INFO: [ app_init ] --START--
INFO: Run Behavior\BuildLiteBehavior [ RunTime:0.000000s ]
INFO: [ app_init ] --END-- [ RunTime:0.004001s ]
INFO: [ app_begin ] --START--
INFO: Run Behavior\ReadHtmlCacheBehavior [ RunTime:0.001000s ]
INFO: [ app_begin ] --END-- [ RunTime:0.001000s ]
SQL: SHOW COLUMNS FROM `user_info` [ RunTime:0.006000s ]

[ 2017-04-15T19:01:41+08:00 ] 127.0.0.1 /tp/index.php/Home
INFO: [ app_init ] --START--
INFO: Run Behavior\BuildLiteBehavior [ RunTime:0.000000s ]
INFO: [ app_init ] --END-- [ RunTime:0.000000s ]
INFO: [ app_begin ] --START--
INFO: Run Behavior\ReadHtmlCacheBehavior [ RunTime:0.001000s ]
INFO: [ app_begin ] --END-- [ RunTime:0.001000s ]
SQL: SHOW COLUMNS FROM `user_info` [ RunTime:0.007000s ]

[ 2017-04-15T20:44:01+08:00 ] 127.0.0.1 /tp/index.php/Home/trade/getlist
INFO: [ app_init ] --START--
INFO: Run Behavior\BuildLiteBehavior [ RunTime:0.000000s ]
INFO: [ app_init ] --END-- [ RunTime:0.001000s ]
INFO: [ app_begin ] --START--
INFO: Run Behavior\ReadHtmlCacheBehavior [ RunTime:0.002000s ]
INFO: [ app_begin ] --END-- [ RunTime:0.002000s ]
ERR: 无法加载控制器:Trade

[ 2017-04-15T20:44:06+08:00 ] 127.0.0.1 /tp/index.php/Home/trades/getlist
INFO: [ app_init ] --START--
INFO: Run Behavior\BuildLiteBehavior [ RunTime:0.000000s ]
INFO: [ app_init ] --END-- [ RunTime:0.001000s ]
INFO: [ app_begin ] --START--
INFO: Run Behavior\ReadHtmlCacheBehavior [ RunTime:0.004000s ]
INFO: [ app_begin ] --END-- [ RunTime:0.004000s ]
SQL: SHOW COLUMNS FROM `his_trades_record` [ RunTime:0.006000s ]
NOTIC: [8] Undefined variable: count D:\phpStudy\WWW\tp\Application\Home\Controller\TradesController.class.php 第 12 行.
NOTIC: [8] Undefined variable: User D:\phpStudy\WWW\tp\Application\Home\Controller\TradesController.class.php 第 15 行.

[ 2017-04-15T20:44:56+08:00 ] 127.0.0.1 /tp/index.php/Home/trades/getlist
INFO: [ app_init ] --START--
INFO: Run Behavior\BuildLiteBehavior [ RunTime:0.000000s ]
INFO: [ app_init ] --END-- [ RunTime:0.001000s ]
INFO: [ app_begin ] --START--
INFO: Run Behavior\ReadHtmlCacheBehavior [ RunTime:0.002000s ]
INFO: [ app_begin ] --END-- [ RunTime:0.002000s ]
SQL: SHOW COLUMNS FROM `his_trades_record` [ RunTime:0.007001s ]
NOTIC: [8] Undefined variable: count D:\phpStudy\WWW\tp\Application\Home\Controller\TradesController.class.php 第 12 行.
NOTIC: [8] Undefined variable: User D:\phpStudy\WWW\tp\Application\Home\Controller\TradesController.class.php 第 15 行.

[ 2017-04-15T20:44:57+08:00 ] 127.0.0.1 /tp/index.php/Home/trades/getlist
INFO: [ app_init ] --START--
INFO: Run Behavior\BuildLiteBehavior [ RunTime:0.000000s ]
INFO: [ app_init ] --END-- [ RunTime:0.001000s ]
INFO: [ app_begin ] --START--
INFO: Run Behavior\ReadHtmlCacheBehavior [ RunTime:0.002000s ]
INFO: [ app_begin ] --END-- [ RunTime:0.002000s ]
SQL: SHOW COLUMNS FROM `his_trades_record` [ RunTime:0.006001s ]
NOTIC: [8] Undefined variable: count D:\phpStudy\WWW\tp\Application\Home\Controller\TradesController.class.php 第 12 行.
NOTIC: [8] Undefined variable: User D:\phpStudy\WWW\tp\Application\Home\Controller\TradesController.class.php 第 15 行.

[ 2017-04-15T20:45:30+08:00 ] 127.0.0.1 /tp/index.php/Home/trades/getlist
INFO: [ app_init ] --START--
INFO: Run Behavior\BuildLiteBehavior [ RunTime:0.000000s ]
INFO: [ app_init ] --END-- [ RunTime:0.001000s ]
INFO: [ app_begin ] --START--
INFO: Run Behavior\ReadHtmlCacheBehavior [ RunTime:0.002000s ]
INFO: [ app_begin ] --END-- [ RunTime:0.002000s ]
SQL: SHOW COLUMNS FROM `his_trades_record` [ RunTime:0.006000s ]
NOTIC: [8] Undefined variable: User D:\phpStudy\WWW\tp\Application\Home\Controller\TradesController.class.php 第 15 行.

[ 2017-04-15T20:45:32+08:00 ] 127.0.0.1 /tp/index.php/Home/trades/getlist
INFO: [ app_init ] --START--
INFO: Run Behavior\BuildLiteBehavior [ RunTime:0.000000s ]
INFO: [ app_init ] --END-- [ RunTime:0.001000s ]
INFO: [ app_begin ] --START--
INFO: Run Behavior\ReadHtmlCacheBehavior [ RunTime:0.002001s ]
INFO: [ app_begin ] --END-- [ RunTime:0.002001s ]
SQL: SHOW COLUMNS FROM `his_trades_record` [ RunTime:0.007000s ]
NOTIC: [8] Undefined variable: User D:\phpStudy\WWW\tp\Application\Home\Controller\TradesController.class.php 第 15 行.

[ 2017-04-15T20:45:54+08:00 ] 127.0.0.1 /tp/index.php/Home/trades/getlist
INFO: [ app_init ] --START--
INFO: Run Behavior\BuildLiteBehavior [ RunTime:0.000000s ]
INFO: [ app_init ] --END-- [ RunTime:0.001000s ]
INFO: [ app_begin ] --START--
INFO: Run Behavior\ReadHtmlCacheBehavior [ RunTime:0.001000s ]
INFO: [ app_begin ] --END-- [ RunTime:0.002000s ]

[ 2017-04-15T20:46:04+08:00 ] 127.0.0.1 /tp/index.php/Home/trades/getlist
INFO: [ app_init ] --START--
INFO: Run Behavior\BuildLiteBehavior [ RunTime:0.000000s ]
INFO: [ app_init ] --END-- [ RunTime:0.001000s ]
INFO: [ app_begin ] --START--
INFO: Run Behavior\ReadHtmlCacheBehavior [ RunTime:0.003000s ]
INFO: [ app_begin ] --END-- [ RunTime:0.004000s ]
SQL: SHOW COLUMNS FROM `his_trades_record` [ RunTime:0.006000s ]

[ 2017-04-15T20:46:32+08:00 ] 127.0.0.1 /tp/index.php/Home/trades/getlist
INFO: [ app_init ] --START--
INFO: Run Behavior\BuildLiteBehavior [ RunTime:0.000000s ]
INFO: [ app_init ] --END-- [ RunTime:0.000000s ]
INFO: [ app_begin ] --START--
INFO: Run Behavior\ReadHtmlCacheBehavior [ RunTime:0.002000s ]
INFO: [ app_begin ] --END-- [ RunTime:0.002000s ]
SQL: SHOW COLUMNS FROM `his_trades_record` [ RunTime:0.008001s ]

[ 2017-04-15T20:46:33+08:00 ] 127.0.0.1 /tp/index.php/Home/trades/getlist
INFO: [ app_init ] --START--
INFO: Run Behavior\BuildLiteBehavior [ RunTime:0.000000s ]
INFO: [ app_init ] --END-- [ RunTime:0.001000s ]
INFO: [ app_begin ] --START--
INFO: Run Behavior\ReadHtmlCacheBehavior [ RunTime:0.002000s ]
INFO: [ app_begin ] --END-- [ RunTime:0.002000s ]
SQL: SHOW COLUMNS FROM `his_trades_record` [ RunTime:0.007000s ]

[ 2017-04-15T20:47:49+08:00 ] 127.0.0.1 /tp/index.php/Home/trades/getlist
INFO: [ app_init ] --START--
INFO: Run Behavior\BuildLiteBehavior [ RunTime:0.000000s ]
INFO: [ app_init ] --END-- [ RunTime:0.001000s ]
INFO: [ app_begin ] --START--
INFO: Run Behavior\ReadHtmlCacheBehavior [ RunTime:0.002000s ]
INFO: [ app_begin ] --END-- [ RunTime:0.002000s ]
SQL: SHOW COLUMNS FROM `his_trades_record` [ RunTime:0.005000s ]

[ 2017-04-15T20:48:25+08:00 ] 127.0.0.1 /tp/index.php/Home/trades/getlist
INFO: [ app_init ] --START--
INFO: Run Behavior\BuildLiteBehavior [ RunTime:0.000000s ]
INFO: [ app_init ] --END-- [ RunTime:0.001000s ]
INFO: [ app_begin ] --START--
INFO: Run Behavior\ReadHtmlCacheBehavior [ RunTime:0.002000s ]
INFO: [ app_begin ] --END-- [ RunTime:0.002000s ]
SQL: SHOW COLUMNS FROM `his_trades_record` [ RunTime:0.007001s ]
SQL: SELECT * FROM `his_trades_record`  [ RunTime:0.007000s ]

[ 2017-04-15T20:49:01+08:00 ] 127.0.0.1 /tp/index.php/Home/trades/getlist
INFO: [ app_init ] --START--
INFO: Run Behavior\BuildLiteBehavior [ RunTime:0.000000s ]
INFO: [ app_init ] --END-- [ RunTime:0.001000s ]
INFO: [ app_begin ] --START--
INFO: Run Behavior\ReadHtmlCacheBehavior [ RunTime:0.003000s ]
INFO: [ app_begin ] --END-- [ RunTime:0.003000s ]

[ 2017-04-15T20:49:13+08:00 ] 127.0.0.1 /tp/index.php/Home/trades/getlist
INFO: [ app_init ] --START--
INFO: Run Behavior\BuildLiteBehavior [ RunTime:0.000000s ]
INFO: [ app_init ] --END-- [ RunTime:0.001001s ]
INFO: [ app_begin ] --START--
INFO: Run Behavior\ReadHtmlCacheBehavior [ RunTime:0.002000s ]
INFO: [ app_begin ] --END-- [ RunTime:0.002000s ]
SQL: SHOW COLUMNS FROM `his_trades_record` [ RunTime:0.006000s ]
SQL: SELECT * FROM `his_trades_record` WHERE ( uid = 5 )  [ RunTime:0.056003s ]

[ 2017-04-15T20:49:40+08:00 ] 127.0.0.1 /tp/index.php/Home/trades/getlist
INFO: [ app_init ] --START--
INFO: Run Behavior\BuildLiteBehavior [ RunTime:0.000000s ]
INFO: [ app_init ] --END-- [ RunTime:0.001000s ]
INFO: [ app_begin ] --START--
INFO: Run Behavior\ReadHtmlCacheBehavior [ RunTime:0.003000s ]
INFO: [ app_begin ] --END-- [ RunTime:0.003000s ]
SQL: SHOW COLUMNS FROM `his_trades_record` [ RunTime:0.006000s ]
SQL: SELECT * FROM `his_trades_record` WHERE ( uid = ?  )  [ RunTime:0.018001s ]
ERR: 1064:You have an error in your SQL syntax; check the manual that corresponds to your MySQL server version for the right syntax to use near '?  )' at line 1
 [ SQL语句 ] : SELECT * FROM `his_trades_record` WHERE ( uid = ?  ) 

[ 2017-04-15T20:50:07+08:00 ] 127.0.0.1 /tp/index.php/Home/trades/getlist
INFO: [ app_init ] --START--
INFO: Run Behavior\BuildLiteBehavior [ RunTime:0.000000s ]
INFO: [ app_init ] --END-- [ RunTime:0.001000s ]
INFO: [ app_begin ] --START--
INFO: Run Behavior\ReadHtmlCacheBehavior [ RunTime:0.002000s ]
INFO: [ app_begin ] --END-- [ RunTime:0.002000s ]
SQL: SHOW COLUMNS FROM `his_trades_record` [ RunTime:0.007000s ]
SQL: SELECT * FROM `his_trades_record` WHERE ( uid = $user_id  )  [ RunTime:0.000000s ]
ERR: 1054:Unknown column '$user_id' in 'where clause'
 [ SQL语句 ] : SELECT * FROM `his_trades_record` WHERE ( uid = $user_id  ) 

[ 2017-04-15T20:50:18+08:00 ] 127.0.0.1 /tp/index.php/Home/trades/getlist
INFO: [ app_init ] --START--
INFO: Run Behavior\BuildLiteBehavior [ RunTime:0.000000s ]
INFO: [ app_init ] --END-- [ RunTime:0.001000s ]
INFO: [ app_begin ] --START--
INFO: Run Behavior\ReadHtmlCacheBehavior [ RunTime:0.002001s ]
INFO: [ app_begin ] --END-- [ RunTime:0.002001s ]
SQL: SHOW COLUMNS FROM `his_trades_record` [ RunTime:0.008000s ]
SQL: SELECT * FROM `his_trades_record` WHERE ( uid = 5  )  [ RunTime:0.007000s ]

[ 2017-04-15T20:50:47+08:00 ] 127.0.0.1 /tp/index.php/Home/trades/getlist
INFO: [ app_init ] --START--
INFO: Run Behavior\BuildLiteBehavior [ RunTime:0.000000s ]
INFO: [ app_init ] --END-- [ RunTime:0.001001s ]
INFO: [ app_begin ] --START--
INFO: Run Behavior\ReadHtmlCacheBehavior [ RunTime:0.002000s ]
INFO: [ app_begin ] --END-- [ RunTime:0.002000s ]
SQL: SHOW COLUMNS FROM `his_trades_record` [ RunTime:0.006000s ]
SQL: SELECT COUNT(*) AS tp_count FROM `his_trades_record` WHERE ( uid = 5 ) LIMIT 1   [ RunTime:0.039002s ]
NOTIC: [8] Undefined variable: User D:\phpStudy\WWW\tp\Application\Home\Controller\TradesController.class.php 第 16 行.

[ 2017-04-15T20:51:12+08:00 ] 127.0.0.1 /tp/index.php/Home/trades/getlist
INFO: [ app_init ] --START--
INFO: Run Behavior\BuildLiteBehavior [ RunTime:0.000000s ]
INFO: [ app_init ] --END-- [ RunTime:0.001000s ]
INFO: [ app_begin ] --START--
INFO: Run Behavior\ReadHtmlCacheBehavior [ RunTime:0.002000s ]
INFO: [ app_begin ] --END-- [ RunTime:0.002000s ]
SQL: SHOW COLUMNS FROM `his_trades_record` [ RunTime:0.006000s ]
SQL: SELECT COUNT(*) AS tp_count FROM `his_trades_record` WHERE ( uid = 5 ) LIMIT 1   [ RunTime:0.001000s ]

[ 2017-04-15T20:51:31+08:00 ] 127.0.0.1 /tp/index.php/Home/trades/getlist
INFO: [ app_init ] --START--
INFO: Run Behavior\BuildLiteBehavior [ RunTime:0.000000s ]
INFO: [ app_init ] --END-- [ RunTime:0.001000s ]
INFO: [ app_begin ] --START--
INFO: Run Behavior\ReadHtmlCacheBehavior [ RunTime:0.002000s ]
INFO: [ app_begin ] --END-- [ RunTime:0.002000s ]
SQL: SHOW COLUMNS FROM `his_trades_record` [ RunTime:0.007001s ]
SQL: SELECT COUNT(*) AS tp_count FROM `his_trades_record` WHERE ( uid = 5 ) LIMIT 1   [ RunTime:0.002000s ]

[ 2017-04-15T20:51:40+08:00 ] 127.0.0.1 /tp/index.php/Home/trades/getlist
INFO: [ app_init ] --START--
INFO: Run Behavior\BuildLiteBehavior [ RunTime:0.000000s ]
INFO: [ app_init ] --END-- [ RunTime:0.001000s ]
INFO: [ app_begin ] --START--
INFO: Run Behavior\ReadHtmlCacheBehavior [ RunTime:0.002000s ]
INFO: [ app_begin ] --END-- [ RunTime:0.002000s ]
SQL: SHOW COLUMNS FROM `his_trades_record` [ RunTime:0.011001s ]
SQL: SELECT COUNT(*) AS tp_count FROM `his_trades_record` WHERE ( uid = 5 ) LIMIT 1   [ RunTime:0.001000s ]
NOTIC: [8] Undefined variable: User D:\phpStudy\WWW\tp\Application\Home\Controller\TradesController.class.php 第 16 行.

[ 2017-04-15T20:52:19+08:00 ] 127.0.0.1 /tp/index.php/Home/trades/getlist
INFO: [ app_init ] --START--
INFO: Run Behavior\BuildLiteBehavior [ RunTime:0.000000s ]
INFO: [ app_init ] --END-- [ RunTime:0.001000s ]
INFO: [ app_begin ] --START--
INFO: Run Behavior\ReadHtmlCacheBehavior [ RunTime:0.002000s ]
INFO: [ app_begin ] --END-- [ RunTime:0.002000s ]
SQL: SHOW COLUMNS FROM `his_trades_record` [ RunTime:0.008000s ]
SQL: SELECT COUNT(*) AS tp_count FROM `his_trades_record` WHERE ( uid = 5 ) LIMIT 1   [ RunTime:0.000000s ]
NOTIC: [8] Undefined variable: User D:\phpStudy\WWW\tp\Application\Home\Controller\TradesController.class.php 第 16 行.

[ 2017-04-15T20:52:20+08:00 ] 127.0.0.1 /tp/index.php/Home/trades/getlist
INFO: [ app_init ] --START--
INFO: Run Behavior\BuildLiteBehavior [ RunTime:0.000000s ]
INFO: [ app_init ] --END-- [ RunTime:0.001000s ]
INFO: [ app_begin ] --START--
INFO: Run Behavior\ReadHtmlCacheBehavior [ RunTime:0.001000s ]
INFO: [ app_begin ] --END-- [ RunTime:0.002000s ]
SQL: SHOW COLUMNS FROM `his_trades_record` [ RunTime:0.008001s ]
SQL: SELECT COUNT(*) AS tp_count FROM `his_trades_record` WHERE ( uid = 5 ) LIMIT 1   [ RunTime:0.001000s ]
NOTIC: [8] Undefined variable: User D:\phpStudy\WWW\tp\Application\Home\Controller\TradesController.class.php 第 16 行.

[ 2017-04-15T20:52:43+08:00 ] 127.0.0.1 /tp/index.php/Home/trades/getlist
INFO: [ app_init ] --START--
INFO: Run Behavior\BuildLiteBehavior [ RunTime:0.000000s ]
INFO: [ app_init ] --END-- [ RunTime:0.001000s ]
INFO: [ app_begin ] --START--
INFO: Run Behavior\ReadHtmlCacheBehavior [ RunTime:0.002001s ]
INFO: [ app_begin ] --END-- [ RunTime:0.002001s ]
SQL: SHOW COLUMNS FROM `his_trades_record` [ RunTime:0.008000s ]
SQL: SELECT COUNT(*) AS tp_count FROM `his_trades_record` WHERE ( uid = 5 ) LIMIT 1   [ RunTime:0.001000s ]
SQL: SELECT * FROM `his_trades_record` WHERE ( uid = 5 ) LIMIT 0,25   [ RunTime:0.001000s ]

[ 2017-04-15T20:56:21+08:00 ] ::1 /tp/index.php/Home/trades/getlist
INFO: [ app_init ] --START--
INFO: Run Behavior\BuildLiteBehavior [ RunTime:0.000000s ]
INFO: [ app_init ] --END-- [ RunTime:0.001000s ]
INFO: [ app_begin ] --START--
INFO: Run Behavior\ReadHtmlCacheBehavior [ RunTime:0.003000s ]
INFO: [ app_begin ] --END-- [ RunTime:0.003000s ]
SQL: SHOW COLUMNS FROM `his_trades_record` [ RunTime:0.007000s ]
SQL: SELECT COUNT(*) AS tp_count FROM `his_trades_record` WHERE ( uid = 5 ) LIMIT 1   [ RunTime:0.001000s ]
SQL: SELECT * FROM `his_trades_record` WHERE ( uid = 5 ) LIMIT 0,25   [ RunTime:0.002000s ]

[ 2017-04-15T20:56:27+08:00 ] ::1 /tp/index.php/Home/trades/getlist
INFO: [ app_init ] --START--
INFO: Run Behavior\BuildLiteBehavior [ RunTime:0.000000s ]
INFO: [ app_init ] --END-- [ RunTime:0.001000s ]
INFO: [ app_begin ] --START--
INFO: Run Behavior\ReadHtmlCacheBehavior [ RunTime:0.001000s ]
INFO: [ app_begin ] --END-- [ RunTime:0.001000s ]
SQL: SHOW COLUMNS FROM `his_trades_record` [ RunTime:0.007001s ]
SQL: SELECT COUNT(*) AS tp_count FROM `his_trades_record` WHERE ( uid = 5 ) LIMIT 1   [ RunTime:0.001000s ]
SQL: SELECT * FROM `his_trades_record` WHERE ( uid = 5 ) LIMIT 0,25   [ RunTime:0.002000s ]

[ 2017-04-15T20:56:44+08:00 ] ::1 /tp/index.php/Home/trades/getlist
INFO: [ app_init ] --START--
INFO: Run Behavior\BuildLiteBehavior [ RunTime:0.000000s ]
INFO: [ app_init ] --END-- [ RunTime:0.001000s ]
INFO: [ app_begin ] --START--
INFO: Run Behavior\ReadHtmlCacheBehavior [ RunTime:0.002000s ]
INFO: [ app_begin ] --END-- [ RunTime:0.002000s ]
SQL: SHOW COLUMNS FROM `his_trades_record` [ RunTime:0.006000s ]
SQL: SELECT COUNT(*) AS tp_count FROM `his_trades_record` WHERE ( uid = 5 ) LIMIT 1   [ RunTime:0.001000s ]
SQL: SELECT * FROM `his_trades_record` WHERE ( uid = 5 ) LIMIT 0,5   [ RunTime:0.001000s ]

[ 2017-04-15T20:59:32+08:00 ] ::1 /tp/index.php/Home/trades/getlist
INFO: [ app_init ] --START--
INFO: Run Behavior\BuildLiteBehavior [ RunTime:0.001000s ]
INFO: [ app_init ] --END-- [ RunTime:0.001000s ]
INFO: [ app_begin ] --START--
INFO: Run Behavior\ReadHtmlCacheBehavior [ RunTime:0.002000s ]
INFO: [ app_begin ] --END-- [ RunTime:0.002000s ]
SQL: SHOW COLUMNS FROM `his_trades_record` [ RunTime:0.007000s ]
SQL: SELECT COUNT(*) AS tp_count FROM `his_trades_record` WHERE ( uid = 5 ) LIMIT 1   [ RunTime:0.001000s ]

[ 2017-04-15T21:11:49+08:00 ] ::1 /tp/index.php/Home/trades/getlist
INFO: [ app_init ] --START--
INFO: Run Behavior\BuildLiteBehavior [ RunTime:0.000000s ]
INFO: [ app_init ] --END-- [ RunTime:0.001000s ]
INFO: [ app_begin ] --START--
INFO: Run Behavior\ReadHtmlCacheBehavior [ RunTime:0.003000s ]
INFO: [ app_begin ] --END-- [ RunTime:0.003000s ]

[ 2017-04-15T21:12:13+08:00 ] ::1 /tp/index.php/Home/trades/getlist
INFO: [ app_init ] --START--
INFO: Run Behavior\BuildLiteBehavior [ RunTime:0.000000s ]
INFO: [ app_init ] --END-- [ RunTime:0.001000s ]
INFO: [ app_begin ] --START--
INFO: Run Behavior\ReadHtmlCacheBehavior [ RunTime:0.002000s ]
INFO: [ app_begin ] --END-- [ RunTime:0.002000s ]

[ 2017-04-15T21:12:32+08:00 ] ::1 /tp/index.php/Home/trades/getlist
INFO: [ app_init ] --START--
INFO: Run Behavior\BuildLiteBehavior [ RunTime:0.000000s ]
INFO: [ app_init ] --END-- [ RunTime:0.000000s ]
INFO: [ app_begin ] --START--
INFO: Run Behavior\ReadHtmlCacheBehavior [ RunTime:0.002001s ]
INFO: [ app_begin ] --END-- [ RunTime:0.002001s ]

[ 2017-04-15T21:12:43+08:00 ] ::1 /tp/index.php/Home/trades/getlist
INFO: [ app_init ] --START--
INFO: Run Behavior\BuildLiteBehavior [ RunTime:0.000000s ]
INFO: [ app_init ] --END-- [ RunTime:0.001000s ]
INFO: [ app_begin ] --START--
INFO: Run Behavior\ReadHtmlCacheBehavior [ RunTime:0.002000s ]
INFO: [ app_begin ] --END-- [ RunTime:0.002000s ]
NOTIC: [8] Undefined index: pageNum D:\phpStudy\WWW\tp\Application\Home\Controller\TradesController.class.php 第 7 行.
NOTIC: [8] Undefined index: page D:\phpStudy\WWW\tp\Application\Home\Controller\TradesController.class.php 第 8 行.
SQL: SHOW COLUMNS FROM `his_trades_record` [ RunTime:0.006001s ]
SQL: SELECT COUNT(*) AS tp_count FROM `his_trades_record` WHERE ( uid = 5 ) LIMIT 1   [ RunTime:0.001000s ]

[ 2017-04-15T21:13:00+08:00 ] ::1 /tp/index.php/Home/trades/getlist
INFO: [ app_init ] --START--
INFO: Run Behavior\BuildLiteBehavior [ RunTime:0.000000s ]
INFO: [ app_init ] --END-- [ RunTime:0.002000s ]
INFO: [ app_begin ] --START--
INFO: Run Behavior\ReadHtmlCacheBehavior [ RunTime:0.002000s ]
INFO: [ app_begin ] --END-- [ RunTime:0.002000s ]
NOTIC: [8] Undefined index: pageNum D:\phpStudy\WWW\tp\Application\Home\Controller\TradesController.class.php 第 7 行.
NOTIC: [8] Undefined index: page D:\phpStudy\WWW\tp\Application\Home\Controller\TradesController.class.php 第 8 行.
SQL: SHOW COLUMNS FROM `his_trades_record` [ RunTime:0.007001s ]
SQL: SELECT COUNT(*) AS tp_count FROM `his_trades_record` WHERE ( uid = 5 ) LIMIT 1   [ RunTime:0.001000s ]

[ 2017-04-15T21:13:52+08:00 ] ::1 /tp/index.php/Home/trades/getlist
INFO: [ app_init ] --START--
INFO: Run Behavior\BuildLiteBehavior [ RunTime:0.000000s ]
INFO: [ app_init ] --END-- [ RunTime:0.001000s ]
INFO: [ app_begin ] --START--
INFO: Run Behavior\ReadHtmlCacheBehavior [ RunTime:0.002000s ]
INFO: [ app_begin ] --END-- [ RunTime:0.002000s ]

[ 2017-04-15T21:13:59+08:00 ] ::1 /tp/index.php/Home/trades/getlist
INFO: [ app_init ] --START--
INFO: Run Behavior\BuildLiteBehavior [ RunTime:0.000000s ]
INFO: [ app_init ] --END-- [ RunTime:0.001000s ]
INFO: [ app_begin ] --START--
INFO: Run Behavior\ReadHtmlCacheBehavior [ RunTime:0.001000s ]
INFO: [ app_begin ] --END-- [ RunTime:0.001000s ]

[ 2017-04-15T21:14:10+08:00 ] ::1 /tp/index.php/Home/trades/getlist
INFO: [ app_init ] --START--
INFO: Run Behavior\BuildLiteBehavior [ RunTime:0.000000s ]
INFO: [ app_init ] --END-- [ RunTime:0.001000s ]
INFO: [ app_begin ] --START--
INFO: Run Behavior\ReadHtmlCacheBehavior [ RunTime:0.002001s ]
INFO: [ app_begin ] --END-- [ RunTime:0.002001s ]

[ 2017-04-15T21:14:12+08:00 ] ::1 /tp/index.php/Home/trades/getlist
INFO: [ app_init ] --START--
INFO: Run Behavior\BuildLiteBehavior [ RunTime:0.000000s ]
INFO: [ app_init ] --END-- [ RunTime:0.000000s ]
INFO: [ app_begin ] --START--
INFO: Run Behavior\ReadHtmlCacheBehavior [ RunTime:0.003000s ]
INFO: [ app_begin ] --END-- [ RunTime:0.003000s ]

[ 2017-04-15T21:14:35+08:00 ] ::1 /tp/index.php/Home/trades/getlist
INFO: [ app_init ] --START--
INFO: Run Behavior\BuildLiteBehavior [ RunTime:0.000000s ]
INFO: [ app_init ] --END-- [ RunTime:0.001000s ]
INFO: [ app_begin ] --START--
INFO: Run Behavior\ReadHtmlCacheBehavior [ RunTime:0.001000s ]
INFO: [ app_begin ] --END-- [ RunTime:0.001000s ]
NOTIC: [8] Undefined index: pageNum D:\phpStudy\WWW\tp\Application\Home\Controller\TradesController.class.php 第 7 行.
NOTIC: [8] Undefined index: page D:\phpStudy\WWW\tp\Application\Home\Controller\TradesController.class.php 第 8 行.
SQL: SHOW COLUMNS FROM `his_trades_record` [ RunTime:0.006000s ]
SQL: SELECT COUNT(*) AS tp_count FROM `his_trades_record` WHERE ( uid = 5 ) LIMIT 1   [ RunTime:0.001000s ]

[ 2017-04-15T21:14:52+08:00 ] ::1 /tp/index.php/Home/trades/getlist
INFO: [ app_init ] --START--
INFO: Run Behavior\BuildLiteBehavior [ RunTime:0.000000s ]
INFO: [ app_init ] --END-- [ RunTime:0.001000s ]
INFO: [ app_begin ] --START--
INFO: Run Behavior\ReadHtmlCacheBehavior [ RunTime:0.002000s ]
INFO: [ app_begin ] --END-- [ RunTime:0.002000s ]
NOTIC: [8] Undefined index: pageNum D:\phpStudy\WWW\tp\Application\Home\Controller\TradesController.class.php 第 7 行.
NOTIC: [8] Undefined index: page D:\phpStudy\WWW\tp\Application\Home\Controller\TradesController.class.php 第 8 行.
SQL: SHOW COLUMNS FROM `his_trades_record` [ RunTime:0.007001s ]
SQL: SELECT COUNT(*) AS tp_count FROM `his_trades_record` WHERE ( uid = 5 ) LIMIT 1   [ RunTime:0.001000s ]

[ 2017-04-15T21:18:16+08:00 ] ::1 /tp/index.php/Home/trades/getlist
INFO: [ app_init ] --START--
INFO: Run Behavior\BuildLiteBehavior [ RunTime:0.000000s ]
INFO: [ app_init ] --END-- [ RunTime:0.001000s ]
INFO: [ app_begin ] --START--
INFO: Run Behavior\ReadHtmlCacheBehavior [ RunTime:0.001000s ]
INFO: [ app_begin ] --END-- [ RunTime:0.002000s ]
NOTIC: [8] Undefined index: pageNum D:\phpStudy\WWW\tp\Application\Home\Controller\TradesController.class.php 第 7 行.
NOTIC: [8] Undefined index: page D:\phpStudy\WWW\tp\Application\Home\Controller\TradesController.class.php 第 8 行.
SQL: SHOW COLUMNS FROM `his_trades_record` [ RunTime:0.007000s ]
SQL: SELECT COUNT(*) AS tp_count FROM `his_trades_record` WHERE ( uid = 5 ) LIMIT 1   [ RunTime:0.001000s ]

[ 2017-04-15T21:18:20+08:00 ] ::1 /tp/index.php/Home/trades/getlist
INFO: [ app_init ] --START--
INFO: Run Behavior\BuildLiteBehavior [ RunTime:0.000000s ]
INFO: [ app_init ] --END-- [ RunTime:0.001000s ]
INFO: [ app_begin ] --START--
INFO: Run Behavior\ReadHtmlCacheBehavior [ RunTime:0.002001s ]
INFO: [ app_begin ] --END-- [ RunTime:0.002001s ]
NOTIC: [8] Undefined index: pageNum D:\phpStudy\WWW\tp\Application\Home\Controller\TradesController.class.php 第 7 行.
NOTIC: [8] Undefined index: page D:\phpStudy\WWW\tp\Application\Home\Controller\TradesController.class.php 第 8 行.
SQL: SHOW COLUMNS FROM `his_trades_record` [ RunTime:0.005000s ]
SQL: SELECT COUNT(*) AS tp_count FROM `his_trades_record` WHERE ( uid = 5 ) LIMIT 1   [ RunTime:0.001000s ]

[ 2017-04-15T21:19:56+08:00 ] ::1 /tp/index.php/Home/trades/getlist
INFO: [ app_init ] --START--
INFO: Run Behavior\BuildLiteBehavior [ RunTime:0.000000s ]
INFO: [ app_init ] --END-- [ RunTime:0.001000s ]
INFO: [ app_begin ] --START--
INFO: Run Behavior\ReadHtmlCacheBehavior [ RunTime:0.002000s ]
INFO: [ app_begin ] --END-- [ RunTime:0.002000s ]
NOTIC: [8] Undefined index: pageNum D:\phpStudy\WWW\tp\Application\Home\Controller\TradesController.class.php 第 7 行.
NOTIC: [8] Undefined index: page D:\phpStudy\WWW\tp\Application\Home\Controller\TradesController.class.php 第 8 行.
SQL: SHOW COLUMNS FROM `his_trades_record` [ RunTime:0.006000s ]
SQL: SELECT COUNT(*) AS tp_count FROM `his_trades_record` WHERE ( uid = 5 ) LIMIT 1   [ RunTime:0.001000s ]

[ 2017-04-15T21:19:59+08:00 ] ::1 /tp/index.php/Home/trades/getlist
INFO: [ app_init ] --START--
INFO: Run Behavior\BuildLiteBehavior [ RunTime:0.000000s ]
INFO: [ app_init ] --END-- [ RunTime:0.001000s ]
INFO: [ app_begin ] --START--
INFO: Run Behavior\ReadHtmlCacheBehavior [ RunTime:0.002000s ]
INFO: [ app_begin ] --END-- [ RunTime:0.002000s ]
NOTIC: [8] Undefined index: pageNum D:\phpStudy\WWW\tp\Application\Home\Controller\TradesController.class.php 第 7 行.
NOTIC: [8] Undefined index: page D:\phpStudy\WWW\tp\Application\Home\Controller\TradesController.class.php 第 8 行.
SQL: SHOW COLUMNS FROM `his_trades_record` [ RunTime:0.007000s ]
SQL: SELECT COUNT(*) AS tp_count FROM `his_trades_record` WHERE ( uid = 5 ) LIMIT 1   [ RunTime:0.000000s ]

[ 2017-04-15T21:20:14+08:00 ] ::1 /tp/index.php/Home/trades/getlist
INFO: [ app_init ] --START--
INFO: Run Behavior\BuildLiteBehavior [ RunTime:0.000000s ]
INFO: [ app_init ] --END-- [ RunTime:0.000000s ]
INFO: [ app_begin ] --START--
INFO: Run Behavior\ReadHtmlCacheBehavior [ RunTime:0.002000s ]
INFO: [ app_begin ] --END-- [ RunTime:0.002000s ]
NOTIC: [8] Undefined index: pageNum D:\phpStudy\WWW\tp\Application\Home\Controller\TradesController.class.php 第 7 行.
NOTIC: [8] Undefined index: page D:\phpStudy\WWW\tp\Application\Home\Controller\TradesController.class.php 第 8 行.
SQL: SHOW COLUMNS FROM `his_trades_record` [ RunTime:0.007001s ]
SQL: SELECT COUNT(*) AS tp_count FROM `his_trades_record` WHERE ( uid = 5 ) LIMIT 1   [ RunTime:0.001000s ]
SQL: SELECT * FROM `his_trades_record` WHERE ( uid = 5 ) ORDER BY open_position_time LIMIT 2,5   [ RunTime:0.070004s ]

[ 2017-04-15T21:24:22+08:00 ] ::1 /tp/index.php/Home/trades/getlist
INFO: [ app_init ] --START--
INFO: Run Behavior\BuildLiteBehavior [ RunTime:0.000000s ]
INFO: [ app_init ] --END-- [ RunTime:0.001000s ]
INFO: [ app_begin ] --START--
INFO: Run Behavior\ReadHtmlCacheBehavior [ RunTime:0.004000s ]
INFO: [ app_begin ] --END-- [ RunTime:0.004000s ]
NOTIC: [8] Undefined index: pageNum D:\phpStudy\WWW\tp\Application\Home\Controller\TradesController.class.php 第 7 行.
NOTIC: [8] Undefined index: page D:\phpStudy\WWW\tp\Application\Home\Controller\TradesController.class.php 第 8 行.
SQL: SHOW COLUMNS FROM `his_trades_record` [ RunTime:0.006001s ]
SQL: SELECT COUNT(*) AS tp_count FROM `his_trades_record` WHERE ( uid = 5 ) LIMIT 1   [ RunTime:0.000000s ]
NOTIC: [8] Undefined index: limit D:\phpStudy\WWW\tp\ThinkPHP\Library\Think\Db.class.php 第 786 行.
SQL: SELECT * FROM `his_trades_record` WHERE ( uid = 5 ) ORDER BY open_position_time LIMIT 20,20   [ RunTime:0.002000s ]

[ 2017-04-15T21:25:00+08:00 ] ::1 /tp/index.php/Home/trades/getlist
INFO: [ app_init ] --START--
INFO: Run Behavior\BuildLiteBehavior [ RunTime:0.000000s ]
INFO: [ app_init ] --END-- [ RunTime:0.001000s ]
INFO: [ app_begin ] --START--
INFO: Run Behavior\ReadHtmlCacheBehavior [ RunTime:0.002000s ]
INFO: [ app_begin ] --END-- [ RunTime:0.002000s ]
NOTIC: [8] Undefined index: pageNum D:\phpStudy\WWW\tp\Application\Home\Controller\TradesController.class.php 第 7 行.
NOTIC: [8] Undefined index: page D:\phpStudy\WWW\tp\Application\Home\Controller\TradesController.class.php 第 9 行.
SQL: SHOW COLUMNS FROM `his_trades_record` [ RunTime:0.008001s ]
SQL: SELECT COUNT(*) AS tp_count FROM `his_trades_record` WHERE ( uid = 5 ) LIMIT 1   [ RunTime:0.001000s ]
SQL: SELECT * FROM `his_trades_record` WHERE ( uid = 5 ) ORDER BY open_position_time LIMIT 5,5   [ RunTime:0.001000s ]

[ 2017-04-15T21:25:26+08:00 ] ::1 /tp/index.php/Home/trades/getlist
INFO: [ app_init ] --START--
INFO: Run Behavior\BuildLiteBehavior [ RunTime:0.000000s ]
INFO: [ app_init ] --END-- [ RunTime:0.001000s ]
INFO: [ app_begin ] --START--
INFO: Run Behavior\ReadHtmlCacheBehavior [ RunTime:0.001000s ]
INFO: [ app_begin ] --END-- [ RunTime:0.001000s ]
NOTIC: [8] Undefined index: pageNum D:\phpStudy\WWW\tp\Application\Home\Controller\TradesController.class.php 第 7 行.
NOTIC: [8] Undefined index: page D:\phpStudy\WWW\tp\Application\Home\Controller\TradesController.class.php 第 9 行.
SQL: SHOW COLUMNS FROM `his_trades_record` [ RunTime:0.007000s ]
SQL: SELECT COUNT(*) AS tp_count FROM `his_trades_record` WHERE ( uid = 5 ) LIMIT 1   [ RunTime:0.001000s ]
SQL: SELECT * FROM `his_trades_record` WHERE ( uid = 5 ) ORDER BY open_position_time LIMIT 5,5   [ RunTime:0.001000s ]

[ 2017-04-15T21:25:49+08:00 ] ::1 /tp/index.php/Home/trades/getlist
INFO: [ app_init ] --START--
INFO: Run Behavior\BuildLiteBehavior [ RunTime:0.000000s ]
INFO: [ app_init ] --END-- [ RunTime:0.001000s ]
INFO: [ app_begin ] --START--
INFO: Run Behavior\ReadHtmlCacheBehavior [ RunTime:0.003000s ]
INFO: [ app_begin ] --END-- [ RunTime:0.003000s ]
NOTIC: [8] Undefined index: pageNum D:\phpStudy\WWW\tp\Application\Home\Controller\TradesController.class.php 第 7 行.
NOTIC: [8] Undefined index: page D:\phpStudy\WWW\tp\Application\Home\Controller\TradesController.class.php 第 9 行.
SQL: SHOW COLUMNS FROM `his_trades_record` [ RunTime:0.006000s ]
SQL: SELECT COUNT(*) AS tp_count FROM `his_trades_record` WHERE ( uid = 5 ) LIMIT 1   [ RunTime:0.001000s ]
SQL: SELECT * FROM `his_trades_record` WHERE ( uid = 5 ) ORDER BY open_position_time LIMIT 0,5   [ RunTime:0.002000s ]

[ 2017-04-15T21:27:12+08:00 ] ::1 /tp/index.php/Home/trades/getlist
INFO: [ app_init ] --START--
INFO: Run Behavior\BuildLiteBehavior [ RunTime:0.000000s ]
INFO: [ app_init ] --END-- [ RunTime:0.001000s ]
INFO: [ app_begin ] --START--
INFO: Run Behavior\ReadHtmlCacheBehavior [ RunTime:0.002000s ]
INFO: [ app_begin ] --END-- [ RunTime:0.003000s ]

[ 2017-04-15T21:27:29+08:00 ] ::1 /tp/index.php/Home/trades/getlist
INFO: [ app_init ] --START--
INFO: Run Behavior\BuildLiteBehavior [ RunTime:0.000000s ]
INFO: [ app_init ] --END-- [ RunTime:0.001000s ]
INFO: [ app_begin ] --START--
INFO: Run Behavior\ReadHtmlCacheBehavior [ RunTime:0.002000s ]
INFO: [ app_begin ] --END-- [ RunTime:0.002000s ]
SQL: SHOW COLUMNS FROM `his_trades_record` [ RunTime:0.009001s ]
SQL: SELECT COUNT(*) AS tp_count FROM `his_trades_record` WHERE ( uid = 5 ) LIMIT 1   [ RunTime:0.001000s ]
NOTIC: [8] Undefined variable: page D:\phpStudy\WWW\tp\Application\Home\Controller\TradesController.class.php 第 14 行.
SQL: SELECT * FROM `his_trades_record` WHERE ( uid = 5 ) ORDER BY open_position_time LIMIT 0,1   [ RunTime:0.001000s ]

[ 2017-04-15T21:27:48+08:00 ] ::1 /tp/index.php/Home/trades/getlist
INFO: [ app_init ] --START--
INFO: Run Behavior\BuildLiteBehavior [ RunTime:0.000000s ]
INFO: [ app_init ] --END-- [ RunTime:0.000000s ]
INFO: [ app_begin ] --START--
INFO: Run Behavior\ReadHtmlCacheBehavior [ RunTime:0.003000s ]
INFO: [ app_begin ] --END-- [ RunTime:0.003000s ]
SQL: SHOW COLUMNS FROM `his_trades_record` [ RunTime:0.008000s ]
SQL: SELECT COUNT(*) AS tp_count FROM `his_trades_record` WHERE ( uid = 5 ) LIMIT 1   [ RunTime:0.001000s ]
NOTIC: [8] Undefined variable: page D:\phpStudy\WWW\tp\Application\Home\Controller\TradesController.class.php 第 14 行.
SQL: SELECT * FROM `his_trades_record` WHERE ( uid = 5 ) ORDER BY open_position_time LIMIT 0,1   [ RunTime:0.002000s ]

[ 2017-04-15T21:28:23+08:00 ] ::1 /tp/index.php/Home/trades/getlist
INFO: [ app_init ] --START--
INFO: Run Behavior\BuildLiteBehavior [ RunTime:0.000000s ]
INFO: [ app_init ] --END-- [ RunTime:0.001000s ]
INFO: [ app_begin ] --START--
INFO: Run Behavior\ReadHtmlCacheBehavior [ RunTime:0.002000s ]
INFO: [ app_begin ] --END-- [ RunTime:0.002000s ]
SQL: SHOW COLUMNS FROM `his_trades_record` [ RunTime:0.007000s ]
SQL: SELECT COUNT(*) AS tp_count FROM `his_trades_record` WHERE ( uid = 5 ) LIMIT 1   [ RunTime:0.001000s ]
NOTIC: [8] Undefined variable: page D:\phpStudy\WWW\tp\Application\Home\Controller\TradesController.class.php 第 14 行.
SQL: SELECT * FROM `his_trades_record` WHERE ( uid = 5 ) ORDER BY open_position_time LIMIT 0,5   [ RunTime:0.001000s ]

[ 2017-04-15T21:29:52+08:00 ] ::1 /tp/index.php/Home/trades/getlist
INFO: [ app_init ] --START--
INFO: Run Behavior\BuildLiteBehavior [ RunTime:0.000000s ]
INFO: [ app_init ] --END-- [ RunTime:0.001000s ]
INFO: [ app_begin ] --START--
INFO: Run Behavior\ReadHtmlCacheBehavior [ RunTime:0.002001s ]
INFO: [ app_begin ] --END-- [ RunTime:0.002001s ]
SQL: SHOW COLUMNS FROM `his_trades_record` [ RunTime:0.007000s ]
SQL: SELECT COUNT(*) AS tp_count FROM `his_trades_record` WHERE ( uid = 5 ) LIMIT 1   [ RunTime:0.001000s ]
NOTIC: [8] Undefined variable: page D:\phpStudy\WWW\tp\Application\Home\Controller\TradesController.class.php 第 14 行.
SQL: SELECT * FROM `his_trades_record` WHERE ( uid = 5 ) ORDER BY open_position_time LIMIT 0,5   [ RunTime:0.001000s ]
NOTIC: [8] Undefined variable: page D:\phpStudy\WWW\tp\Application\Home\Controller\TradesController.class.php 第 19 行.

[ 2017-04-15T21:34:29+08:00 ] ::1 /tp/index.php/Home/trades/getlist
INFO: [ app_init ] --START--
INFO: Run Behavior\BuildLiteBehavior [ RunTime:0.000000s ]
INFO: [ app_init ] --END-- [ RunTime:0.001000s ]
INFO: [ app_begin ] --START--
INFO: Run Behavior\ReadHtmlCacheBehavior [ RunTime:0.002000s ]
INFO: [ app_begin ] --END-- [ RunTime:0.002000s ]
SQL: SHOW COLUMNS FROM `his_trades_record` [ RunTime:0.010001s ]
SQL: SELECT COUNT(*) AS tp_count FROM `his_trades_record` WHERE ( uid = 5 ) LIMIT 1   [ RunTime:0.000000s ]
NOTIC: [8] Undefined variable: page D:\phpStudy\WWW\tp\Application\Home\Controller\TradesController.class.php 第 14 行.
SQL: SELECT * FROM `his_trades_record` WHERE ( uid = 5 ) ORDER BY open_position_time LIMIT 0,5   [ RunTime:0.001000s ]
NOTIC: [8] Undefined variable: page D:\phpStudy\WWW\tp\Application\Home\Controller\TradesController.class.php 第 19 行.

[ 2017-04-15T21:34:30+08:00 ] ::1 /tp/index.php/Home/trades/getlist
INFO: [ app_init ] --START--
INFO: Run Behavior\BuildLiteBehavior [ RunTime:0.000000s ]
INFO: [ app_init ] --END-- [ RunTime:0.001000s ]
INFO: [ app_begin ] --START--
INFO: Run Behavior\ReadHtmlCacheBehavior [ RunTime:0.002000s ]
INFO: [ app_begin ] --END-- [ RunTime:0.002000s ]
SQL: SHOW COLUMNS FROM `his_trades_record` [ RunTime:0.007000s ]
SQL: SELECT COUNT(*) AS tp_count FROM `his_trades_record` WHERE ( uid = 5 ) LIMIT 1   [ RunTime:0.000000s ]
NOTIC: [8] Undefined variable: page D:\phpStudy\WWW\tp\Application\Home\Controller\TradesController.class.php 第 14 行.
SQL: SELECT * FROM `his_trades_record` WHERE ( uid = 5 ) ORDER BY open_position_time LIMIT 0,5   [ RunTime:0.002000s ]
NOTIC: [8] Undefined variable: page D:\phpStudy\WWW\tp\Application\Home\Controller\TradesController.class.php 第 19 行.

[ 2017-04-15T21:34:52+08:00 ] ::1 /tp/index.php/Home/trades/getlist
INFO: [ app_init ] --START--
INFO: Run Behavior\BuildLiteBehavior [ RunTime:0.000000s ]
INFO: [ app_init ] --END-- [ RunTime:0.001000s ]
INFO: [ app_begin ] --START--
INFO: Run Behavior\ReadHtmlCacheBehavior [ RunTime:0.001000s ]
INFO: [ app_begin ] --END-- [ RunTime:0.001000s ]
SQL: SHOW COLUMNS FROM `his_trades_record` [ RunTime:0.005000s ]
SQL: SELECT COUNT(*) AS tp_count FROM `his_trades_record` WHERE ( uid = 5 ) LIMIT 1   [ RunTime:0.001000s ]
SQL: SELECT * FROM `his_trades_record` WHERE ( uid = 5 ) ORDER BY open_position_time LIMIT 490,5   [ RunTime:0.002000s ]

[ 2017-04-15T21:35:52+08:00 ] ::1 /tp/index.php/Home/trades/getlist
INFO: [ app_init ] --START--
INFO: Run Behavior\BuildLiteBehavior [ RunTime:0.000000s ]
INFO: [ app_init ] --END-- [ RunTime:0.001000s ]
INFO: [ app_begin ] --START--
INFO: Run Behavior\ReadHtmlCacheBehavior [ RunTime:0.002001s ]
INFO: [ app_begin ] --END-- [ RunTime:0.002001s ]
SQL: SHOW COLUMNS FROM `his_trades_record` [ RunTime:0.006000s ]
SQL: SELECT COUNT(*) AS tp_count FROM `his_trades_record` WHERE ( uid = 5 ) LIMIT 1   [ RunTime:0.000000s ]
SQL: SELECT * FROM `his_trades_record` WHERE ( uid = 5 ) ORDER BY open_position_time LIMIT 0,5   [ RunTime:0.001000s ]
NOTIC: [8] Array to string conversion D:\phpStudy\WWW\tp\ThinkPHP\Library\Think\Controller\RestController.class.php 第 232 行.

[ 2017-04-15T21:36:04+08:00 ] ::1 /tp/index.php/Home/trades/getlist
INFO: [ app_init ] --START--
INFO: Run Behavior\BuildLiteBehavior [ RunTime:0.000000s ]
INFO: [ app_init ] --END-- [ RunTime:0.001000s ]
INFO: [ app_begin ] --START--
INFO: Run Behavior\ReadHtmlCacheBehavior [ RunTime:0.002000s ]
INFO: [ app_begin ] --END-- [ RunTime:0.002000s ]
SQL: SHOW COLUMNS FROM `his_trades_record` [ RunTime:0.008001s ]
SQL: SELECT COUNT(*) AS tp_count FROM `his_trades_record` WHERE ( uid = 5 ) LIMIT 1   [ RunTime:0.001000s ]
SQL: SELECT * FROM `his_trades_record` WHERE ( uid = 5 ) ORDER BY open_position_time LIMIT 0,5   [ RunTime:0.001000s ]

[ 2017-04-15T21:36:24+08:00 ] ::1 /tp/index.php/Home/trades/getlist
INFO: [ app_init ] --START--
INFO: Run Behavior\BuildLiteBehavior [ RunTime:0.000000s ]
INFO: [ app_init ] --END-- [ RunTime:0.001000s ]
INFO: [ app_begin ] --START--
INFO: Run Behavior\ReadHtmlCacheBehavior [ RunTime:0.002000s ]
INFO: [ app_begin ] --END-- [ RunTime:0.002000s ]
SQL: SHOW COLUMNS FROM `his_trades_record` [ RunTime:0.007001s ]
SQL: SELECT COUNT(*) AS tp_count FROM `his_trades_record` WHERE ( uid = 5 ) LIMIT 1   [ RunTime:0.001000s ]
SQL: SELECT * FROM `his_trades_record` WHERE ( uid = 5 ) ORDER BY open_position_time LIMIT 0,5   [ RunTime:0.002000s ]

[ 2017-04-15T21:36:36+08:00 ] ::1 /tp/index.php/Home/trades/getlist
INFO: [ app_init ] --START--
INFO: Run Behavior\BuildLiteBehavior [ RunTime:0.000000s ]
INFO: [ app_init ] --END-- [ RunTime:0.001000s ]
INFO: [ app_begin ] --START--
INFO: Run Behavior\ReadHtmlCacheBehavior [ RunTime:0.003000s ]
INFO: [ app_begin ] --END-- [ RunTime:0.003000s ]
SQL: SHOW COLUMNS FROM `his_trades_record` [ RunTime:0.007001s ]
SQL: SELECT COUNT(*) AS tp_count FROM `his_trades_record` WHERE ( uid = 5 ) LIMIT 1   [ RunTime:0.001000s ]
SQL: SELECT * FROM `his_trades_record` WHERE ( uid = 5 ) ORDER BY open_position_time LIMIT 0,5   [ RunTime:0.002000s ]

[ 2017-04-15T21:36:43+08:00 ] ::1 /tp/index.php/Home/trades/getlist
INFO: [ app_init ] --START--
INFO: Run Behavior\BuildLiteBehavior [ RunTime:0.000000s ]
INFO: [ app_init ] --END-- [ RunTime:0.001000s ]
INFO: [ app_begin ] --START--
INFO: Run Behavior\ReadHtmlCacheBehavior [ RunTime:0.001000s ]
INFO: [ app_begin ] --END-- [ RunTime:0.002000s ]
SQL: SHOW COLUMNS FROM `his_trades_record` [ RunTime:0.007000s ]
SQL: SELECT COUNT(*) AS tp_count FROM `his_trades_record` WHERE ( uid = 5 ) LIMIT 1   [ RunTime:0.001000s ]
SQL: SELECT * FROM `his_trades_record` WHERE ( uid = 5 ) ORDER BY open_position_time LIMIT 0,5   [ RunTime:0.001000s ]

